Using pre-set license
Built from '2020.3/staging' branch; Version is '2020.3.17f1 (a4537701e4ab) revision 10769271'; Using compiler version '192528614'; Build Type 'Release'
OS: 'Windows 10 Pro; OS build 19045.2728; Version 2009; 64bit' Language: 'de' Physical Memory: 65460 MB
BatchMode: 1, IsHumanControllingUs: 0, StartBugReporterOnCrash: 0, Is64bit: 1, IsPro: 0

COMMAND LINE ARGUMENTS:
C:\Program Files\Unity\Hub\Editor\2020.3.17f1\Editor\Unity.exe
-adb2
-batchMode
-noUpm
-name
AssetImportWorker0
-projectPath
E:/Programmierung/Unity_Projekte/Last-Line-Tower_Defence
-logFile
Logs/AssetImportWorker0.log
-srvPort
53223
Successfully changed project path to: E:/Programmierung/Unity_Projekte/Last-Line-Tower_Defence
E:/Programmierung/Unity_Projekte/Last-Line-Tower_Defence
Using Asset Import Pipeline V2.
Refreshing native plugins compatible for Editor in 20.41 ms, found 2 plugins.
Preloading 0 native plugins for Editor in 0.00 ms.
Initialize engine version: 2020.3.17f1 (a4537701e4ab)
[Subsystems] Discovering subsystems at path C:/Program Files/Unity/Hub/Editor/2020.3.17f1/Editor/Data/Resources/UnitySubsystems
[Subsystems] Discovering subsystems at path E:/Programmierung/Unity_Projekte/Last-Line-Tower_Defence/Assets
GfxDevice: creating device client; threaded=0
Direct3D:
    Version:  Direct3D 11.0 [level 11.1]
    Renderer: NVIDIA GeForce RTX 3070 (ID=0x2488)
    Vendor:   
    VRAM:     8043 MB
    Driver:   31.0.15.1694
Initialize mono
Mono path[0] = 'C:/Program Files/Unity/Hub/Editor/2020.3.17f1/Editor/Data/Managed'
Mono path[1] = 'C:/Program Files/Unity/Hub/Editor/2020.3.17f1/Editor/Data/MonoBleedingEdge/lib/mono/unityjit'
Mono config path = 'C:/Program Files/Unity/Hub/Editor/2020.3.17f1/Editor/Data/MonoBleedingEdge/etc'
Using monoOptions --debugger-agent=transport=dt_socket,embedding=1,server=y,suspend=n,address=127.0.0.1:56824
Begin MonoManager ReloadAssembly
Registering precompiled unity dll's ...
Register platform support module: C:/Program Files/Unity/Hub/Editor/2020.3.17f1/Editor/Data/PlaybackEngines/WindowsStandaloneSupport/UnityEditor.WindowsStandalone.Extensions.dll
Registered in 0.001488 seconds.
Native extension for WindowsStandalone target not found
Refreshing native plugins compatible for Editor in 20.06 ms, found 2 plugins.
Preloading 0 native plugins for Editor in 0.00 ms.
Mono: successfully reloaded assembly
- Completed reload, in  1.575 seconds
Domain Reload Profiling:
	ReloadAssembly (1575ms)
		BeginReloadAssembly (40ms)
			ExecutionOrderSort (0ms)
			DisableScriptedObjects (0ms)
			BackupInstance (0ms)
			ReleaseScriptingObjects (0ms)
			CreateAndSetChildDomain (1ms)
		EndReloadAssembly (266ms)
			LoadAssemblies (39ms)
			RebuildTransferFunctionScriptingTraits (0ms)
			SetupTypeCache (86ms)
			ReleaseScriptCaches (0ms)
			RebuildScriptCaches (23ms)
			SetupLoadedEditorAssemblies (107ms)
				LogAssemblyErrors (0ms)
				InitializePlatformSupportModulesInManaged (3ms)
				SetLoadedEditorAssemblies (0ms)
				RefreshPlugins (20ms)
				BeforeProcessingInitializeOnLoad (10ms)
				ProcessInitializeOnLoadAttributes (56ms)
				ProcessInitializeOnLoadMethodAttributes (18ms)
				AfterProcessingInitializeOnLoad (0ms)
				EditorAssembliesLoaded (0ms)
			ExecutionOrderSort2 (0ms)
			AwakeInstancesAfterBackupRestoration (0ms)
Platform modules already initialized, skipping
Registering precompiled user dll's ...
Registered in 0.001695 seconds.
Begin MonoManager ReloadAssembly
Native extension for WindowsStandalone target not found
Refreshing native plugins compatible for Editor in 0.35 ms, found 2 plugins.
Preloading 0 native plugins for Editor in 0.00 ms.
Mono: successfully reloaded assembly
- Completed reload, in  0.706 seconds
Domain Reload Profiling:
	ReloadAssembly (706ms)
		BeginReloadAssembly (97ms)
			ExecutionOrderSort (0ms)
			DisableScriptedObjects (3ms)
			BackupInstance (0ms)
			ReleaseScriptingObjects (0ms)
			CreateAndSetChildDomain (17ms)
		EndReloadAssembly (570ms)
			LoadAssemblies (57ms)
			RebuildTransferFunctionScriptingTraits (0ms)
			SetupTypeCache (150ms)
			ReleaseScriptCaches (0ms)
			RebuildScriptCaches (31ms)
			SetupLoadedEditorAssemblies (281ms)
				LogAssemblyErrors (0ms)
				InitializePlatformSupportModulesInManaged (4ms)
				SetLoadedEditorAssemblies (0ms)
				RefreshPlugins (0ms)
				BeforeProcessingInitializeOnLoad (52ms)
				ProcessInitializeOnLoadAttributes (217ms)
				ProcessInitializeOnLoadMethodAttributes (3ms)
				AfterProcessingInitializeOnLoad (5ms)
				EditorAssembliesLoaded (0ms)
			ExecutionOrderSort2 (0ms)
			AwakeInstancesAfterBackupRestoration (4ms)
Platform modules already initialized, skipping
========================================================================
Worker process is ready to serve import requests
Launched and connected shader compiler UnityShaderCompiler.exe after 0.03 seconds
Refreshing native plugins compatible for Editor in 0.34 ms, found 2 plugins.
Preloading 0 native plugins for Editor in 0.00 ms.
Unloading 1546 Unused Serialized files (Serialized files now loaded: 0)
System memory in use before: 80.6 MB.
System memory in use after: 80.4 MB.

Unloading 19 unused Assets to reduce memory usage. Loaded Objects now: 1979.
Total: 2.589000 ms (FindLiveObjects: 0.179600 ms CreateObjectMapping: 0.037000 ms MarkObjects: 2.204500 ms  DeleteObjects: 0.167000 ms)

AssetImportParameters requested are different than current active one (requested -> active):
  custom:framework-win-MediaFoundation: 216162199b28c13a410421893ffa2e32 -> 
  custom:video-decoder-ogg-theora: a1e56fd34408186e4bbccfd4996cb3dc -> 
  custom:container-muxer-webm: aa71ff27fc2769a1b78a27578f13a17b -> 
  custom:container-demuxer-webm: 4f35f7cbe854078d1ac9338744f61a02 -> 
  custom:container-demuxer-ogg: 62fdf1f143b41e24485cea50d1cbac27 -> 
  custom:video-encoder-webm-vp8: eb34c28f22e8b96e1ab97ce403110664 -> 
  custom:video-decoder-webm-vp8: 9c59270c3fd7afecdb556c50c9e8de78 -> 
  custom:audio-decoder-ogg-vorbis: bf7c407c2cedff20999df2af8eb42d56 -> 
  custom:audio-encoder-webm-vorbis: bf7c407c2cedff20999df2af8eb42d56 -> 
========================================================================
Received Import Request.
  path: Assets/Models/ICBM.fbx
  artifactKey: Guid(e408cb68b6b8d964fb08ce5fc8487a61) Importer(815301076,1909f56bfc062723c751e8b465ee728b)
Start importing Assets/Models/ICBM.fbx using Guid(e408cb68b6b8d964fb08ce5fc8487a61) Importer(815301076,1909f56bfc062723c751e8b465ee728b)  -> (artifact id: 'c17434035c65c2b7f6d33e8c53365349') in 0.133381 seconds 
  Import took 0.135652 seconds .

========================================================================
Received Import Request.
  Time since last request: 0.000178 seconds.
  path: Assets/Models/Munitionslager.obj
  artifactKey: Guid(34046dbc03c8e2242a0019dc16ef529e) Importer(815301076,1909f56bfc062723c751e8b465ee728b)
Start importing Assets/Models/Munitionslager.obj using Guid(34046dbc03c8e2242a0019dc16ef529e) Importer(815301076,1909f56bfc062723c751e8b465ee728b)  -> (artifact id: 'e3d410cd7ea21106207ccdd238f9dfb7') in 0.036132 seconds 
  Import took 0.037847 seconds .

========================================================================
Received Import Request.
  Time since last request: 45.544173 seconds.
  path: Assets/Models/BasicMount.obj
  artifactKey: Guid(0db7a30d2888623428f7ae130dd657e4) Importer(815301076,1909f56bfc062723c751e8b465ee728b)
Start importing Assets/Models/BasicMount.obj using Guid(0db7a30d2888623428f7ae130dd657e4) Importer(815301076,1909f56bfc062723c751e8b465ee728b)  -> (artifact id: '187b4a8861b0e3d44ce7bd3eff5e1688') in 0.017433 seconds 
  Import took 0.019566 seconds .

========================================================================
Received Import Request.
  Time since last request: 0.005970 seconds.
  path: Assets/Models/BasicMount.obj
  artifactKey: Guid(0db7a30d2888623428f7ae130dd657e4) Importer(815301076,1909f56bfc062723c751e8b465ee728b)
Start importing Assets/Models/BasicMount.obj using Guid(0db7a30d2888623428f7ae130dd657e4) Importer(815301076,1909f56bfc062723c751e8b465ee728b)  -> (artifact id: '187b4a8861b0e3d44ce7bd3eff5e1688') in 0.023667 seconds 
  Import took 0.025544 seconds .

========================================================================
Received Import Request.
  Time since last request: 21.543239 seconds.
  path: Assets/Models/Basis_Maschinengewehr (1).obj
  artifactKey: Guid(aae380033dd4b854686383a55e52fb2b) Importer(815301076,1909f56bfc062723c751e8b465ee728b)
Start importing Assets/Models/Basis_Maschinengewehr (1).obj using Guid(aae380033dd4b854686383a55e52fb2b) Importer(815301076,1909f56bfc062723c751e8b465ee728b)  -> (artifact id: 'e54fa1340dec3f3ba0fde2c39f75876a') in 0.304255 seconds 
  Import took 0.306999 seconds .

========================================================================
Received Import Request.
  Time since last request: 24.549918 seconds.
  path: Assets/Models/FlameThrower.obj
  artifactKey: Guid(4a42c8ae6e1903542be9c209368049ae) Importer(815301076,1909f56bfc062723c751e8b465ee728b)
Start importing Assets/Models/FlameThrower.obj using Guid(4a42c8ae6e1903542be9c209368049ae) Importer(815301076,1909f56bfc062723c751e8b465ee728b)  -> (artifact id: 'e21f9c1c25b06eae91ad27bfea0b0236') in 0.027876 seconds 
  Import took 0.030123 seconds .

========================================================================
Received Import Request.
  Time since last request: 13.665498 seconds.
  path: Assets/Models/Magazine.obj
  artifactKey: Guid(adc4c04edd8f67e4da65c50ccaf2180c) Importer(815301076,1909f56bfc062723c751e8b465ee728b)
Start importing Assets/Models/Magazine.obj using Guid(adc4c04edd8f67e4da65c50ccaf2180c) Importer(815301076,1909f56bfc062723c751e8b465ee728b)  -> (artifact id: 'ac1a0e4f857f4089f9089eb21c54c19c') in 0.032222 seconds 
  Import took 0.034513 seconds .

========================================================================
Received Import Request.
  Time since last request: 9.261723 seconds.
  path: Assets/Models/Rear_sight.obj
  artifactKey: Guid(bc5f7840aa29a66449732892f362f452) Importer(815301076,1909f56bfc062723c751e8b465ee728b)
Start importing Assets/Models/Rear_sight.obj using Guid(bc5f7840aa29a66449732892f362f452) Importer(815301076,1909f56bfc062723c751e8b465ee728b)  -> (artifact id: '139c1e290b07c53ce5e5c08b1373f11f') in 0.022748 seconds 
  Import took 0.024952 seconds .

========================================================================
Received Import Request.
  Time since last request: 85.710629 seconds.
  path: Assets/Models/House_medium2x1 (2).obj
  artifactKey: Guid(8b4e04ec988d0924bbb63f89c1fa8842) Importer(815301076,1909f56bfc062723c751e8b465ee728b)
Start importing Assets/Models/House_medium2x1 (2).obj using Guid(8b4e04ec988d0924bbb63f89c1fa8842) Importer(815301076,1909f56bfc062723c751e8b465ee728b)  -> (artifact id: 'c15f566c9582f7893816019b25755092') in 0.023856 seconds 
  Import took 0.026132 seconds .

========================================================================
Received Import Request.
  Time since last request: 0.000120 seconds.
  path: Assets/Models/House_small1x1Damged3.obj
  artifactKey: Guid(18dbaccdb427d934dbd393425aae8500) Importer(815301076,1909f56bfc062723c751e8b465ee728b)
Start importing Assets/Models/House_small1x1Damged3.obj using Guid(18dbaccdb427d934dbd393425aae8500) Importer(815301076,1909f56bfc062723c751e8b465ee728b)  -> (artifact id: '6e8c1a1fd4b9995fb49b0c48fa1a41a8') in 0.022135 seconds 
  Import took 0.024140 seconds .

========================================================================
Received Import Request.
  Time since last request: 0.000167 seconds.
  path: Assets/Models/Barrel.obj
  artifactKey: Guid(53e2c129009981c41bfc5c31d62239c6) Importer(815301076,1909f56bfc062723c751e8b465ee728b)
Start importing Assets/Models/Barrel.obj using Guid(53e2c129009981c41bfc5c31d62239c6) Importer(815301076,1909f56bfc062723c751e8b465ee728b)  -> (artifact id: '99eb6181d83bbf43418620f599874198') in 0.025947 seconds 
  Import took 0.028112 seconds .

========================================================================
Received Import Request.
  Time since last request: 0.000132 seconds.
  path: Assets/Models/Drum_Magazine.obj
  artifactKey: Guid(353a6a74e5de89b4f91bcc36e56ddae0) Importer(815301076,1909f56bfc062723c751e8b465ee728b)
Start importing Assets/Models/Drum_Magazine.obj using Guid(353a6a74e5de89b4f91bcc36e56ddae0) Importer(815301076,1909f56bfc062723c751e8b465ee728b)  -> (artifact id: '4c56bd1fec680ad565050023b01bbcc2') in 0.028485 seconds 
  Import took 0.030268 seconds .

========================================================================
Received Import Request.
  Time since last request: 0.000125 seconds.
  path: Assets/Models/Front_sight.obj
  artifactKey: Guid(454e5defe06a0cd4dab3ab88f78a2ee8) Importer(815301076,1909f56bfc062723c751e8b465ee728b)
Start importing Assets/Models/Front_sight.obj using Guid(454e5defe06a0cd4dab3ab88f78a2ee8) Importer(815301076,1909f56bfc062723c751e8b465ee728b)  -> (artifact id: 'd95ce6add9c1391bee7c2c160cce3920') in 0.021102 seconds 
  Import took 0.022991 seconds .

========================================================================
Received Import Request.
  Time since last request: 0.000150 seconds.
  path: Assets/Models/Tri_Pod.obj
  artifactKey: Guid(5828967a1581f144e874ece59c0f91bc) Importer(815301076,1909f56bfc062723c751e8b465ee728b)
Start importing Assets/Models/Tri_Pod.obj using Guid(5828967a1581f144e874ece59c0f91bc) Importer(815301076,1909f56bfc062723c751e8b465ee728b)  -> (artifact id: '94c27ef0081821e6409ad013df6272b9') in 0.025834 seconds 
  Import took 0.027683 seconds .

========================================================================
Received Import Request.
  Time since last request: 0.000122 seconds.
  path: Assets/Models/House_small1x1Damged2.obj
  artifactKey: Guid(5cfba3a387dc5074ba40e03d5d444e8f) Importer(815301076,1909f56bfc062723c751e8b465ee728b)
Start importing Assets/Models/House_small1x1Damged2.obj using Guid(5cfba3a387dc5074ba40e03d5d444e8f) Importer(815301076,1909f56bfc062723c751e8b465ee728b)  -> (artifact id: '204fc9d2c2245b98915c982657a9f9ff') in 0.019225 seconds 
  Import took 0.020756 seconds .

========================================================================
Received Import Request.
  Time since last request: 0.000142 seconds.
  path: Assets/Models/Horizontal_Drive.obj
  artifactKey: Guid(0abd7e0408e96f146ad1fe02c0dae3ac) Importer(815301076,1909f56bfc062723c751e8b465ee728b)
Start importing Assets/Models/Horizontal_Drive.obj using Guid(0abd7e0408e96f146ad1fe02c0dae3ac) Importer(815301076,1909f56bfc062723c751e8b465ee728b)  -> (artifact id: '307cfdb64e19c6f49aaa9181e31a030c') in 0.025943 seconds 
  Import took 0.028111 seconds .

========================================================================
Received Import Request.
  Time since last request: 0.000118 seconds.
  path: Assets/Models/Reciver.obj
  artifactKey: Guid(2a01d406aaba48445a4e6a9fada4bc6a) Importer(815301076,1909f56bfc062723c751e8b465ee728b)
Start importing Assets/Models/Reciver.obj using Guid(2a01d406aaba48445a4e6a9fada4bc6a) Importer(815301076,1909f56bfc062723c751e8b465ee728b)  -> (artifact id: 'a61dda591a29584dfb727f175c6d22ed') in 0.020358 seconds 
  Import took 0.022097 seconds .

========================================================================
Received Import Request.
  Time since last request: 0.000119 seconds.
  path: Assets/Models/elongated_Barrel.obj
  artifactKey: Guid(93de86fd83295204ca4aba19fe4341d7) Importer(815301076,1909f56bfc062723c751e8b465ee728b)
Start importing Assets/Models/elongated_Barrel.obj using Guid(93de86fd83295204ca4aba19fe4341d7) Importer(815301076,1909f56bfc062723c751e8b465ee728b)  -> (artifact id: '45e8a744e760676725491504af4d2cfc') in 0.015013 seconds 
  Import took 0.016793 seconds .

========================================================================
Received Import Request.
  Time since last request: 0.000125 seconds.
  path: Assets/Models/House_medium2x1 (2).obj
  artifactKey: Guid(8b4e04ec988d0924bbb63f89c1fa8842) Importer(815301076,1909f56bfc062723c751e8b465ee728b)
Start importing Assets/Models/House_medium2x1 (2).obj using Guid(8b4e04ec988d0924bbb63f89c1fa8842) Importer(815301076,1909f56bfc062723c751e8b465ee728b)  -> (artifact id: 'c15f566c9582f7893816019b25755092') in 0.013219 seconds 
  Import took 0.014846 seconds .

========================================================================
Received Import Request.
  Time since last request: 0.000123 seconds.
  path: Assets/Models/Loading_Handle.obj
  artifactKey: Guid(d4404b8e8b3fa7645b1567b6c8345356) Importer(815301076,1909f56bfc062723c751e8b465ee728b)
Start importing Assets/Models/Loading_Handle.obj using Guid(d4404b8e8b3fa7645b1567b6c8345356) Importer(815301076,1909f56bfc062723c751e8b465ee728b)  -> (artifact id: '0f813722fd0c845d55b27a658ca776fa') in 0.015306 seconds 
  Import took 0.017001 seconds .

========================================================================
Received Import Request.
  Time since last request: 0.000123 seconds.
  path: Assets/Models/Bridge_collabsed.obj
  artifactKey: Guid(e1bb1da557e58334b8a0e149999b6a47) Importer(815301076,1909f56bfc062723c751e8b465ee728b)
Start importing Assets/Models/Bridge_collabsed.obj using Guid(e1bb1da557e58334b8a0e149999b6a47) Importer(815301076,1909f56bfc062723c751e8b465ee728b)  -> (artifact id: '6c08d29f7ab40c59fb0b52b31e8733da') in 0.022317 seconds 
  Import took 0.024008 seconds .

========================================================================
Received Import Request.
  Time since last request: 0.000157 seconds.
  path: Assets/Models/House_small1x1Damged1.obj
  artifactKey: Guid(d4fe5b783045e6244a719b8c9f143075) Importer(815301076,1909f56bfc062723c751e8b465ee728b)
Start importing Assets/Models/House_small1x1Damged1.obj using Guid(d4fe5b783045e6244a719b8c9f143075) Importer(815301076,1909f56bfc062723c751e8b465ee728b)  -> (artifact id: '353869f31c4893a67eb2af785fd6f296') in 0.017365 seconds 
  Import took 0.018933 seconds .

========================================================================
Received Import Request.
  Time since last request: 0.000115 seconds.
  path: Assets/Models/tunnel.obj
  artifactKey: Guid(60f4ffdd58b72b448b93c1830cc1c661) Importer(815301076,1909f56bfc062723c751e8b465ee728b)
Start importing Assets/Models/tunnel.obj using Guid(60f4ffdd58b72b448b93c1830cc1c661) Importer(815301076,1909f56bfc062723c751e8b465ee728b)  -> (artifact id: 'c2dc85670d471488e1a40b580190f236') in 0.017272 seconds 
  Import took 0.018873 seconds .

========================================================================
Received Import Request.
  Time since last request: 0.000139 seconds.
  path: Assets/Models/Jeep (1).obj
  artifactKey: Guid(202baafd175a09c4ba4c31196176b595) Importer(815301076,1909f56bfc062723c751e8b465ee728b)
Start importing Assets/Models/Jeep (1).obj using Guid(202baafd175a09c4ba4c31196176b595) Importer(815301076,1909f56bfc062723c751e8b465ee728b)  -> (artifact id: '90c7637770f2881751e26cf2612fc7e9') in 0.020715 seconds 
  Import took 0.022446 seconds .

========================================================================
Received Import Request.
  Time since last request: 0.000126 seconds.
  path: Assets/Models/Mines.obj
  artifactKey: Guid(eb754d2566f8a564d8b5fdb62c72efff) Importer(815301076,1909f56bfc062723c751e8b465ee728b)
Start importing Assets/Models/Mines.obj using Guid(eb754d2566f8a564d8b5fdb62c72efff) Importer(815301076,1909f56bfc062723c751e8b465ee728b)  -> (artifact id: '62328c93d5cee4e42dad9d4ee7439886') in 0.015895 seconds 
  Import took 0.017587 seconds .

========================================================================
Received Import Request.
  Time since last request: 0.000104 seconds.
  path: Assets/Models/Reciver_without_loading_handle.obj
  artifactKey: Guid(20dac70fb9f8c204e96aef81c8aeb11c) Importer(815301076,1909f56bfc062723c751e8b465ee728b)
Start importing Assets/Models/Reciver_without_loading_handle.obj using Guid(20dac70fb9f8c204e96aef81c8aeb11c) Importer(815301076,1909f56bfc062723c751e8b465ee728b)  -> (artifact id: '90c043d698b8bbd3ba340a594fd9cede') in 0.014413 seconds 
  Import took 0.016004 seconds .

========================================================================
Received Import Request.
  Time since last request: 0.000130 seconds.
  path: Assets/Models/Shortened_Barrel.obj
  artifactKey: Guid(ddef9eebcf1483346a590ee7ca702698) Importer(815301076,1909f56bfc062723c751e8b465ee728b)
Start importing Assets/Models/Shortened_Barrel.obj using Guid(ddef9eebcf1483346a590ee7ca702698) Importer(815301076,1909f56bfc062723c751e8b465ee728b)  -> (artifact id: 'f965f1998015e772fdd6efb7fa8200eb') in 0.015054 seconds 
  Import took 0.016659 seconds .

========================================================================
Received Import Request.
  Time since last request: 0.000120 seconds.
  path: Assets/Models/Panzersperre.obj
  artifactKey: Guid(acbee70efa6ecf14e8b931112f28af89) Importer(815301076,1909f56bfc062723c751e8b465ee728b)
Start importing Assets/Models/Panzersperre.obj using Guid(acbee70efa6ecf14e8b931112f28af89) Importer(815301076,1909f56bfc062723c751e8b465ee728b)  -> (artifact id: '69324d28e76febd5f260732857572689') in 0.014850 seconds 
  Import took 0.016448 seconds .

========================================================================
Received Import Request.
  Time since last request: 0.000126 seconds.
  path: Assets/Models/Fighter_Basic.obj
  artifactKey: Guid(af07e99fa60428f4e985b94caaba982a) Importer(815301076,1909f56bfc062723c751e8b465ee728b)
Start importing Assets/Models/Fighter_Basic.obj using Guid(af07e99fa60428f4e985b94caaba982a) Importer(815301076,1909f56bfc062723c751e8b465ee728b)  -> (artifact id: '365f51bb0cbd7f183812e27537c03a8a') in 0.013652 seconds 
  Import took 0.015254 seconds .

========================================================================
Received Import Request.
  Time since last request: 0.000149 seconds.
  path: Assets/Models/House_small1x1.obj
  artifactKey: Guid(f206fba16f5cd7946961822515b11299) Importer(815301076,1909f56bfc062723c751e8b465ee728b)
Start importing Assets/Models/House_small1x1.obj using Guid(f206fba16f5cd7946961822515b11299) Importer(815301076,1909f56bfc062723c751e8b465ee728b)  -> (artifact id: 'c5ce2fc25ac428baa23aa7deac17a1de') in 0.011971 seconds 
  Import took 0.013373 seconds .

========================================================================
Received Import Request.
  Time since last request: 0.001708 seconds.
  path: Assets/Models/House_small1x1.obj
  artifactKey: Guid(f206fba16f5cd7946961822515b11299) Importer(815301076,1909f56bfc062723c751e8b465ee728b)
Start importing Assets/Models/House_small1x1.obj using Guid(f206fba16f5cd7946961822515b11299) Importer(815301076,1909f56bfc062723c751e8b465ee728b)  -> (artifact id: 'c5ce2fc25ac428baa23aa7deac17a1de') in 0.014100 seconds 
  Import took 0.016222 seconds .

AssetImportWorkerClient::OnTransportError - code=2 error=End of file
